2023-12-25 00:15:09,379 - INFO - Created directory: /Users/jay/Downloads/Sorted_Files/CSV
2023-12-25 00:15:09,379 - INFO - Created directory: /Users/jay/Downloads/Sorted_Files/IMAGES
2023-12-25 00:15:09,379 - INFO - Created directory: /Users/jay/Downloads/Sorted_Files/VIDEOS
2023-12-25 00:15:09,379 - INFO - Created directory: /Users/jay/Downloads/Sorted_Files/DOCUMENTS
2023-12-25 00:15:09,379 - INFO - Created directory: /Users/jay/Downloads/Sorted_Files/INSTALLERS
2023-12-25 00:15:09,379 - INFO - Created directory: /Users/jay/Downloads/Sorted_Files/PROGRAMMING
2023-12-25 00:15:48,601 - INFO - Created directory: /Users/jay/Downloads/Sorted_Files/CSV
2023-12-25 00:15:48,604 - INFO - Created directory: /Users/jay/Downloads/Sorted_Files/IMAGES
2023-12-25 00:15:48,604 - INFO - Created directory: /Users/jay/Downloads/Sorted_Files/VIDEOS
2023-12-25 00:15:48,604 - INFO - Created directory: /Users/jay/Downloads/Sorted_Files/DOCUMENTS
2023-12-25 00:15:48,604 - INFO - Created directory: /Users/jay/Downloads/Sorted_Files/INSTALLERS
2023-12-25 00:15:48,604 - INFO - Created directory: /Users/jay/Downloads/Sorted_Files/PROGRAMMING
2023-12-25 00:17:59,311 - INFO - Created main folder: /Users/jay/SortedFiles
2023-12-25 00:17:59,311 - INFO - Created directory: /Users/jay/SortedFiles/CSV
2023-12-25 00:17:59,311 - INFO - Created directory: /Users/jay/SortedFiles/IMAGES
2023-12-25 00:17:59,311 - INFO - Created directory: /Users/jay/SortedFiles/VIDEOS
2023-12-25 00:17:59,311 - INFO - Created directory: /Users/jay/SortedFiles/DOCUMENTS
2023-12-25 00:17:59,311 - INFO - Created directory: /Users/jay/SortedFiles/INSTALLERS
2023-12-25 00:17:59,311 - INFO - Created directory: /Users/jay/SortedFiles/PROGRAMMING
2023-12-25 00:18:27,897 - INFO - Created main folder: /Users/jay/SortedFiles
2023-12-25 00:18:27,897 - INFO - Created directory: /Users/jay/SortedFiles/CSV
2023-12-25 00:18:27,897 - INFO - Created directory: /Users/jay/SortedFiles/IMAGES
2023-12-25 00:18:27,897 - INFO - Created directory: /Users/jay/SortedFiles/VIDEOS
2023-12-25 00:18:27,897 - INFO - Created directory: /Users/jay/SortedFiles/DOCUMENTS
2023-12-25 00:18:27,897 - INFO - Created directory: /Users/jay/SortedFiles/INSTALLERS
2023-12-25 00:18:27,897 - INFO - Created directory: /Users/jay/SortedFiles/PROGRAMMING
2023-12-25 00:20:23,633 - INFO - Created main folder: /Users/jay/Sorted Files
2023-12-25 00:20:23,633 - INFO - Created directory: /Users/jay/Sorted Files/CSV
2023-12-25 00:20:23,633 - INFO - Created directory: /Users/jay/Sorted Files/IMAGES
2023-12-25 00:20:23,633 - INFO - Created directory: /Users/jay/Sorted Files/VIDEOS
2023-12-25 00:20:23,633 - INFO - Created directory: /Users/jay/Sorted Files/DOCUMENTS
2023-12-25 00:20:23,633 - INFO - Created directory: /Users/jay/Sorted Files/INSTALLERS
2023-12-25 00:20:23,633 - INFO - Created directory: /Users/jay/Sorted Files/PROGRAMMING
2023-12-25 00:21:00,451 - INFO - Created directory: /Users/jay/Downloads/SortedFiles/CSV
2023-12-25 00:21:00,451 - INFO - Created directory: /Users/jay/Downloads/SortedFiles/IMAGES
2023-12-25 00:21:00,451 - INFO - Created directory: /Users/jay/Downloads/SortedFiles/VIDEOS
2023-12-25 00:21:00,451 - INFO - Created directory: /Users/jay/Downloads/SortedFiles/DOCUMENTS
2023-12-25 00:21:00,451 - INFO - Created directory: /Users/jay/Downloads/SortedFiles/INSTALLERS
2023-12-25 00:21:00,451 - INFO - Created directory: /Users/jay/Downloads/SortedFiles/PROGRAMMING
2023-12-25 00:21:59,376 - INFO - Created directory: /Users/jay/Downloads/SortedFiles/CSV
2023-12-25 00:21:59,376 - INFO - Created directory: /Users/jay/Downloads/SortedFiles/IMAGES
2023-12-25 00:21:59,376 - INFO - Created directory: /Users/jay/Downloads/SortedFiles/VIDEOS
2023-12-25 00:21:59,376 - INFO - Created directory: /Users/jay/Downloads/SortedFiles/DOCUMENTS
2023-12-25 00:21:59,376 - INFO - Created directory: /Users/jay/Downloads/SortedFiles/INSTALLERS
2023-12-25 00:21:59,376 - INFO - Created directory: /Users/jay/Downloads/SortedFiles/PROGRAMMING
